  GSCredit.cpp
D:\TT gameloft\tailieu\MiniGameStarter\TrainingFramework\GSCredit.cpp(23,92): warning C4244: 'argument': conversion from 'float' to 'GLint', possible loss of data
D:\TT gameloft\tailieu\MiniGameStarter\TrainingFramework\GSCredit.cpp(23,58): warning C4244: 'argument': conversion from 'float' to 'GLint', possible loss of data
D:\TT gameloft\tailieu\MiniGameStarter\TrainingFramework\GSCredit.cpp(39,46): warning C4244: 'argument': conversion from 'int' to 'GLfloat', possible loss of data
C:\Program Files (x86)\Microsoft Visual Studio\2019\Professional\VC\Tools\MSVC\14.29.30133\include\xutility(158,77): warning C4244: 'argument': conversion from '_Ty' to 'float', possible loss of data
          with
          [
              _Ty=double
          ]
C:\Program Files (x86)\Microsoft Visual Studio\2019\Professional\VC\Tools\MSVC\14.29.30133\include\memory(2029): message : see reference to function template instantiation 'void std::_Construct_in_place<_Ty,std::shared_ptr<Shader>&,std::shared_ptr<Font>&,const char(&)[25],TextColor,double>(_Ty &,std::shared_ptr<Shader> &,std::shared_ptr<Font> &,const char (&)[25],TextColor &&,double &&) noexcept(false)' being compiled
          with
          [
              _Ty=Text
          ]
C:\Program Files (x86)\Microsoft Visual Studio\2019\Professional\VC\Tools\MSVC\14.29.30133\include\memory(2748): message : see reference to function template instantiation 'std::_Ref_count_obj2<_Ty>::_Ref_count_obj2<std::shared_ptr<Shader>&,std::shared_ptr<Font>&,const char(&)[25],TextColor,double>(std::shared_ptr<Shader> &,std::shared_ptr<Font> &,const char (&)[25],TextColor &&,double &&)' being compiled
          with
          [
              _Ty=Text
          ]
C:\Program Files (x86)\Microsoft Visual Studio\2019\Professional\VC\Tools\MSVC\14.29.30133\include\memory(2748): message : see reference to function template instantiation 'std::_Ref_count_obj2<_Ty>::_Ref_count_obj2<std::shared_ptr<Shader>&,std::shared_ptr<Font>&,const char(&)[25],TextColor,double>(std::shared_ptr<Shader> &,std::shared_ptr<Font> &,const char (&)[25],TextColor &&,double &&)' being compiled
          with
          [
              _Ty=Text
          ]
D:\TT gameloft\tailieu\MiniGameStarter\TrainingFramework\GSCredit.cpp(38): message : see reference to function template instantiation 'std::shared_ptr<Text> std::make_shared<Text,std::shared_ptr<Shader>&,std::shared_ptr<Font>&,const char(&)[25],TextColor,double>(std::shared_ptr<Shader> &,std::shared_ptr<Font> &,const char (&)[25],TextColor &&,double &&)' being compiled
LINK : warning LNK4098: defaultlib 'LIBCMT' conflicts with use of other libs; use /NODEFAULTLIB:library
  Generating code
  1 of 1632 functions (<0.1%) were compiled, the rest were copied from previous compilation.
    0 functions were new in current compilation
    5 functions had inline decision re-evaluated but remain unchanged
  Finished generating code
  TrainingFramework.vcxproj -> D:\TT gameloft\tailieu\MiniGameStarter\BIN-Nvidia\TrainingFramework.exe
