d:\tt gameloft\tailieu\minigamestarter\trainingframework\release-nvidia\vc142.pdb
d:\tt gameloft\tailieu\minigamestarter\trainingframework\release-nvidia\trainingframework.obj
d:\tt gameloft\tailieu\minigamestarter\trainingframework\release-nvidia\gsplay.obj
d:\tt gameloft\tailieu\minigamestarter\trainingframework\release-nvidia\gsmenu.obj
d:\tt gameloft\tailieu\minigamestarter\trainingframework\release-nvidia\gsintro.obj
d:\tt gameloft\tailieu\minigamestarter\trainingframework\release-nvidia\gamestatemachine.obj
d:\tt gameloft\tailieu\minigamestarter\trainingframework\release-nvidia\gamestatebase.obj
d:\tt gameloft\tailieu\minigamestarter\trainingframework\release-nvidia\texture.obj
d:\tt gameloft\tailieu\minigamestarter\trainingframework\release-nvidia\text.obj
d:\tt gameloft\tailieu\minigamestarter\trainingframework\release-nvidia\shader.obj
d:\tt gameloft\tailieu\minigamestarter\trainingframework\release-nvidia\model.obj
d:\tt gameloft\tailieu\minigamestarter\trainingframework\release-nvidia\sprite3d.obj
d:\tt gameloft\tailieu\minigamestarter\trainingframework\release-nvidia\camera.obj
d:\tt gameloft\tailieu\minigamestarter\trainingframework\release-nvidia\sprite2d.obj
d:\tt gameloft\tailieu\minigamestarter\trainingframework\release-nvidia\gamebutton.obj
d:\tt gameloft\tailieu\minigamestarter\trainingframework\release-nvidia\font.obj
d:\tt gameloft\tailieu\minigamestarter\trainingframework\release-nvidia\resourcemanagers.obj
d:\tt gameloft\tailieu\minigamestarter\trainingframework\release-nvidia\application.obj
d:\tt gameloft\tailieu\minigamestarter\trainingframework\release-nvidia\gsoption.obj
d:\tt gameloft\tailieu\minigamestarter\trainingframework\release-nvidia\gscredit.obj
d:\tt gameloft\tailieu\minigamestarter\bin-nvidia\trainingframework.exe
d:\tt gameloft\tailieu\minigamestarter\trainingframework\release-nvidia\trainingframework.ipdb
d:\tt gameloft\tailieu\minigamestarter\trainingframework\release-nvidia\trainingframework.iobj
d:\tt gameloft\tailieu\minigamestarter\bin-nvidia\trainingframework.pdb
d:\tt gameloft\tailieu\minigamestarter\\bin-nvidia\trainingframework.pdb
d:\tt gameloft\tailieu\minigamestarter\trainingframework\release-nvidia\training.fc024ec8.tlog\cl.command.1.tlog
d:\tt gameloft\tailieu\minigamestarter\trainingframework\release-nvidia\training.fc024ec8.tlog\cl.read.1.tlog
d:\tt gameloft\tailieu\minigamestarter\trainingframework\release-nvidia\training.fc024ec8.tlog\cl.write.1.tlog
d:\tt gameloft\tailieu\minigamestarter\trainingframework\release-nvidia\training.fc024ec8.tlog\link.command.1.tlog
d:\tt gameloft\tailieu\minigamestarter\trainingframework\release-nvidia\training.fc024ec8.tlog\link.read.1.tlog
d:\tt gameloft\tailieu\minigamestarter\trainingframework\release-nvidia\training.fc024ec8.tlog\link.write.1.tlog
