  GSPlay.cpp
D:\TT gameloft\tailieu\Super Shark\TrainingFramework\src\GameStates\GSPlay.cpp(38,31): warning C4244: '+=': conversion from 'double' to 'int', possible loss of data
D:\TT gameloft\tailieu\Super Shark\TrainingFramework\src\GameStates\GSPlay.cpp(70,45): warning C4244: 'argument': conversion from 'int' to 'float', possible loss of data
D:\TT gameloft\tailieu\Super Shark\TrainingFramework\src\GameStates\GSPlay.cpp(70,29): warning C4244: 'argument': conversion from 'int' to 'float', possible loss of data
D:\TT gameloft\tailieu\Super Shark\TrainingFramework\src\GameStates\GSPlay.cpp(74,45): warning C4244: 'argument': conversion from 'int' to 'float', possible loss of data
D:\TT gameloft\tailieu\Super Shark\TrainingFramework\src\GameStates\GSPlay.cpp(74,29): warning C4244: 'argument': conversion from 'int' to 'float', possible loss of data
D:\TT gameloft\tailieu\Super Shark\TrainingFramework\src\GameStates\GSPlay.cpp(78,45): warning C4244: 'argument': conversion from 'int' to 'float', possible loss of data
D:\TT gameloft\tailieu\Super Shark\TrainingFramework\src\GameStates\GSPlay.cpp(78,29): warning C4244: 'argument': conversion from 'int' to 'float', possible loss of data
D:\TT gameloft\tailieu\Super Shark\TrainingFramework\src\GameStates\GSPlay.cpp(83,60): warning C4244: 'argument': conversion from 'int' to 'float', possible loss of data
D:\TT gameloft\tailieu\Super Shark\TrainingFramework\src\GameStates\GSPlay.cpp(83,28): warning C4244: 'argument': conversion from 'int' to 'float', possible loss of data
D:\TT gameloft\tailieu\Super Shark\TrainingFramework\src\GameStates\GSPlay.cpp(87,60): warning C4244: 'argument': conversion from 'int' to 'float', possible loss of data
D:\TT gameloft\tailieu\Super Shark\TrainingFramework\src\GameStates\GSPlay.cpp(87,28): warning C4244: 'argument': conversion from 'int' to 'float', possible loss of data
D:\TT gameloft\tailieu\Super Shark\TrainingFramework\src\GameStates\GSPlay.cpp(91,60): warning C4244: 'argument': conversion from 'int' to 'float', possible loss of data
D:\TT gameloft\tailieu\Super Shark\TrainingFramework\src\GameStates\GSPlay.cpp(91,28): warning C4244: 'argument': conversion from 'int' to 'float', possible loss of data
D:\TT gameloft\tailieu\Super Shark\TrainingFramework\src\GameStates\GSPlay.cpp(138,25): warning C4244: 'argument': conversion from 'int' to 'float', possible loss of data
D:\TT gameloft\tailieu\Super Shark\TrainingFramework\src\GameStates\GSPlay.cpp(253,37): warning C4244: 'argument': conversion from 'int' to 'float', possible loss of data
D:\TT gameloft\tailieu\Super Shark\TrainingFramework\src\GameStates\GSPlay.cpp(265,37): warning C4244: 'argument': conversion from 'int' to 'float', possible loss of data
D:\TT gameloft\tailieu\Super Shark\TrainingFramework\src\GameStates\GSPlay.cpp(277,37): warning C4244: 'argument': conversion from 'int' to 'float', possible loss of data
D:\TT gameloft\tailieu\Super Shark\TrainingFramework\src\GameStates\GSPlay.cpp(326,27): warning C4244: 'argument': conversion from 'int' to 'float', possible loss of data
D:\TT gameloft\tailieu\Super Shark\TrainingFramework\src\GameStates\GSPlay.cpp(332,27): warning C4244: 'argument': conversion from 'int' to 'float', possible loss of data
C:\Program Files (x86)\Microsoft Visual Studio\2019\Professional\VC\Tools\MSVC\14.29.30133\include\xutility(158,77): warning C4244: 'argument': conversion from '_Ty' to 'float', possible loss of data
          with
          [
              _Ty=double
          ]
C:\Program Files (x86)\Microsoft Visual Studio\2019\Professional\VC\Tools\MSVC\14.29.30133\include\memory(2029): message : see reference to function template instantiation 'void std::_Construct_in_place<_Ty,std::shared_ptr<Shader>&,std::shared_ptr<Font>&,std::basic_string<char,std::char_traits<char>,std::allocator<char>>,TextColor,double>(_Ty &,std::shared_ptr<Shader> &,std::shared_ptr<Font> &,std::basic_string<char,std::char_traits<char>,std::allocator<char>> &&,TextColor &&,double &&) noexcept(false)' being compiled
          with
          [
              _Ty=Text
          ]
C:\Program Files (x86)\Microsoft Visual Studio\2019\Professional\VC\Tools\MSVC\14.29.30133\include\memory(2748): message : see reference to function template instantiation 'std::_Ref_count_obj2<_Ty>::_Ref_count_obj2<std::shared_ptr<Shader>&,std::shared_ptr<Font>&,std::basic_string<char,std::char_traits<char>,std::allocator<char>>,TextColor,double>(std::shared_ptr<Shader> &,std::shared_ptr<Font> &,std::basic_string<char,std::char_traits<char>,std::allocator<char>> &&,TextColor &&,double &&)' being compiled
          with
          [
              _Ty=Text
          ]
C:\Program Files (x86)\Microsoft Visual Studio\2019\Professional\VC\Tools\MSVC\14.29.30133\include\memory(2748): message : see reference to function template instantiation 'std::_Ref_count_obj2<_Ty>::_Ref_count_obj2<std::shared_ptr<Shader>&,std::shared_ptr<Font>&,std::basic_string<char,std::char_traits<char>,std::allocator<char>>,TextColor,double>(std::shared_ptr<Shader> &,std::shared_ptr<Font> &,std::basic_string<char,std::char_traits<char>,std::allocator<char>> &&,TextColor &&,double &&)' being compiled
          with
          [
              _Ty=Text
          ]
D:\TT gameloft\tailieu\Super Shark\TrainingFramework\src\GameStates\GSPlay.cpp(127): message : see reference to function template instantiation 'std::shared_ptr<Text> std::make_shared<Text,std::shared_ptr<Shader>&,std::shared_ptr<Font>&,std::basic_string<char,std::char_traits<char>,std::allocator<char>>,TextColor,double>(std::shared_ptr<Shader> &,std::shared_ptr<Font> &,std::basic_string<char,std::char_traits<char>,std::allocator<char>> &&,TextColor &&,double &&)' being compiled
  GameStateBase.cpp
LINK : warning LNK4098: defaultlib 'LIBCMT' conflicts with use of other libs; use /NODEFAULTLIB:library
  Generating code
  0 of 1613 functions ( 0.0%) were compiled, the rest were copied from previous compilation.
    0 functions were new in current compilation
    0 functions had inline decision re-evaluated but remain unchanged
  Finished generating code
  TrainingFramework.vcxproj -> D:\TT gameloft\tailieu\Super Shark\BIN-Nvidia\TrainingFramework.exe
