  GSCredit.cpp
D:\TT gameloft\Gameloft-Intern-2022\Baitap\Lession 5\MiniGameStarter\TrainingFramework\GSCredit.cpp(23,92): warning C4244: 'argument': conversion from 'float' to 'GLint', possible loss of data
D:\TT gameloft\Gameloft-Intern-2022\Baitap\Lession 5\MiniGameStarter\TrainingFramework\GSCredit.cpp(23,58): warning C4244: 'argument': conversion from 'float' to 'GLint', possible loss of data
  GSOption.cpp
D:\TT gameloft\Gameloft-Intern-2022\Baitap\Lession 5\MiniGameStarter\TrainingFramework\GSOption.cpp(22,92): warning C4244: 'argument': conversion from 'float' to 'GLint', possible loss of data
D:\TT gameloft\Gameloft-Intern-2022\Baitap\Lession 5\MiniGameStarter\TrainingFramework\GSOption.cpp(22,58): warning C4244: 'argument': conversion from 'float' to 'GLint', possible loss of data
D:\TT gameloft\Gameloft-Intern-2022\Baitap\Lession 5\MiniGameStarter\TrainingFramework\GSOption.cpp(28,82): warning C4244: 'argument': conversion from 'float' to 'GLint', possible loss of data
D:\TT gameloft\Gameloft-Intern-2022\Baitap\Lession 5\MiniGameStarter\TrainingFramework\GSOption.cpp(38,82): warning C4244: 'argument': conversion from 'float' to 'GLint', possible loss of data
D:\TT gameloft\Gameloft-Intern-2022\Baitap\Lession 5\MiniGameStarter\TrainingFramework\GSOption.cpp(48,82): warning C4244: 'argument': conversion from 'float' to 'GLint', possible loss of data
D:\TT gameloft\Gameloft-Intern-2022\Baitap\Lession 5\MiniGameStarter\TrainingFramework\GSOption.cpp(58,82): warning C4244: 'argument': conversion from 'float' to 'GLint', possible loss of data
  Application.cpp
C:\Program Files (x86)\Microsoft Visual Studio\2019\Professional\VC\Tools\MSVC\14.29.30133\include\xutility(158,77): warning C4244: 'argument': conversion from 'int' to 'GLfloat', possible loss of data
C:\Program Files (x86)\Microsoft Visual Studio\2019\Professional\VC\Tools\MSVC\14.29.30133\include\memory(2029): message : see reference to function template instantiation 'void std::_Construct_in_place<_Ty,int,int,int&,int,int&,float,float,float>(_Ty &,int &&,int &&,int &,int &&,int &,float &&,float &&,float &&) noexcept(false)' being compiled
          with
          [
              _Ty=Camera
          ]
C:\Program Files (x86)\Microsoft Visual Studio\2019\Professional\VC\Tools\MSVC\14.29.30133\include\memory(2748): message : see reference to function template instantiation 'std::_Ref_count_obj2<_Ty>::_Ref_count_obj2<int,int,int&,int,int&,float,float,float>(int &&,int &&,int &,int &&,int &,float &&,float &&,float &&)' being compiled
          with
          [
              _Ty=Camera
          ]
C:\Program Files (x86)\Microsoft Visual Studio\2019\Professional\VC\Tools\MSVC\14.29.30133\include\memory(2748): message : see reference to function template instantiation 'std::_Ref_count_obj2<_Ty>::_Ref_count_obj2<int,int,int&,int,int&,float,float,float>(int &&,int &&,int &,int &&,int &,float &&,float &&,float &&)' being compiled
          with
          [
              _Ty=Camera
          ]
D:\TT gameloft\Gameloft-Intern-2022\Baitap\Lession 5\MiniGameStarter\TrainingFramework\src\Application.cpp(20): message : see reference to function template instantiation 'std::shared_ptr<Camera> std::make_shared<Camera,int,int,int&,int,int&,float,float,float>(int &&,int &&,int &,int &&,int &,float &&,float &&,float &&)' being compiled
C:\Program Files (x86)\Microsoft Visual Studio\2019\Professional\VC\Tools\MSVC\14.29.30133\include\xutility(158,77): warning C4244: 'argument': conversion from '_Ty' to 'GLfloat', possible loss of data
          with
          [
              _Ty=int
          ]
  ResourceManagers.cpp
  Font.cpp
  GameButton.cpp
  Sprite2D.cpp
  Camera.cpp
  Sprite3D.cpp
  Model.cpp
D:\TT gameloft\Gameloft-Intern-2022\Baitap\Lession 5\MiniGameStarter\TrainingFramework\src\GameObject\Model.cpp(25,18): warning C4244: 'initializing': conversion from 'std::streamoff' to 'size_t', possible loss of data
  Shader.cpp
  Text.cpp
  Texture.cpp
  GameStateBase.cpp
  GameStateMachine.cpp
  GSIntro.cpp
D:\TT gameloft\Gameloft-Intern-2022\Baitap\Lession 5\MiniGameStarter\TrainingFramework\src\GameStates\GSIntro.cpp(20,86): warning C4244: 'argument': conversion from 'float' to 'GLint', possible loss of data
D:\TT gameloft\Gameloft-Intern-2022\Baitap\Lession 5\MiniGameStarter\TrainingFramework\src\GameStates\GSIntro.cpp(20,52): warning C4244: 'argument': conversion from 'float' to 'GLint', possible loss of data
  GSMenu.cpp
  GSPlay.cpp
D:\TT gameloft\Gameloft-Intern-2022\Baitap\Lession 5\MiniGameStarter\TrainingFramework\src\GameStates\GSPlay.cpp(31,92): warning C4244: 'argument': conversion from 'float' to 'GLint', possible loss of data
D:\TT gameloft\Gameloft-Intern-2022\Baitap\Lession 5\MiniGameStarter\TrainingFramework\src\GameStates\GSPlay.cpp(31,58): warning C4244: 'argument': conversion from 'float' to 'GLint', possible loss of data
C:\Program Files (x86)\Microsoft Visual Studio\2019\Professional\VC\Tools\MSVC\14.29.30133\include\xutility(158,77): warning C4244: 'argument': conversion from '_Ty' to 'float', possible loss of data
          with
          [
              _Ty=double
          ]
C:\Program Files (x86)\Microsoft Visual Studio\2019\Professional\VC\Tools\MSVC\14.29.30133\include\memory(2029): message : see reference to function template instantiation 'void std::_Construct_in_place<_Ty,std::shared_ptr<Shader>&,std::shared_ptr<Font>&,const char(&)[9],TextColor,double>(_Ty &,std::shared_ptr<Shader> &,std::shared_ptr<Font> &,const char (&)[9],TextColor &&,double &&) noexcept(false)' being compiled
          with
          [
              _Ty=Text
          ]
C:\Program Files (x86)\Microsoft Visual Studio\2019\Professional\VC\Tools\MSVC\14.29.30133\include\memory(2748): message : see reference to function template instantiation 'std::_Ref_count_obj2<_Ty>::_Ref_count_obj2<std::shared_ptr<Shader>&,std::shared_ptr<Font>&,const char(&)[9],TextColor,double>(std::shared_ptr<Shader> &,std::shared_ptr<Font> &,const char (&)[9],TextColor &&,double &&)' being compiled
          with
          [
              _Ty=Text
          ]
C:\Program Files (x86)\Microsoft Visual Studio\2019\Professional\VC\Tools\MSVC\14.29.30133\include\memory(2748): message : see reference to function template instantiation 'std::_Ref_count_obj2<_Ty>::_Ref_count_obj2<std::shared_ptr<Shader>&,std::shared_ptr<Font>&,const char(&)[9],TextColor,double>(std::shared_ptr<Shader> &,std::shared_ptr<Font> &,const char (&)[9],TextColor &&,double &&)' being compiled
          with
          [
              _Ty=Text
          ]
D:\TT gameloft\Gameloft-Intern-2022\Baitap\Lession 5\MiniGameStarter\TrainingFramework\src\GameStates\GSPlay.cpp(57): message : see reference to function template instantiation 'std::shared_ptr<Text> std::make_shared<Text,std::shared_ptr<Shader>&,std::shared_ptr<Font>&,const char(&)[9],TextColor,double>(std::shared_ptr<Shader> &,std::shared_ptr<Font> &,const char (&)[9],TextColor &&,double &&)' being compiled
  TrainingFramework.cpp
  Generating Code...
D:\TT gameloft\Gameloft-Intern-2022\Baitap\Lession 5\MiniGameStarter\TrainingFramework\src\GameObject\Shader.cpp(46): warning C4715: 'Shader::Init': not all control paths return a value
  LINK : D:\TT gameloft\Gameloft-Intern-2022\Baitap\Lession 5\MiniGameStarter\\BIN-Nvidia\TrainingFramework.exe not found or not built by the last incremental link; performing full link
GSCredit.obj : warning LNK4075: ignoring '/EDITANDCONTINUE' due to '/SAFESEH' specification
LINK : warning LNK4098: defaultlib 'LIBCMTD' conflicts with use of other libs; use /NODEFAULTLIB:library
  TrainingFramework.vcxproj -> D:\TT gameloft\Gameloft-Intern-2022\Baitap\Lession 5\MiniGameStarter\BIN-Nvidia\TrainingFramework.exe
