  Application.cpp
C:\Program Files (x86)\Microsoft Visual Studio\2019\Professional\VC\Tools\MSVC\14.29.30133\include\xutility(158,77): warning C4244: 'argument': conversion from 'int' to 'GLfloat', possible loss of data
C:\Program Files (x86)\Microsoft Visual Studio\2019\Professional\VC\Tools\MSVC\14.29.30133\include\memory(2029): message : see reference to function template instantiation 'void std::_Construct_in_place<_Ty,int,int,int&,int,int&,float,float,float>(_Ty &,int &&,int &&,int &,int &&,int &,float &&,float &&,float &&) noexcept(false)' being compiled
          with
          [
              _Ty=Camera
          ]
C:\Program Files (x86)\Microsoft Visual Studio\2019\Professional\VC\Tools\MSVC\14.29.30133\include\memory(2748): message : see reference to function template instantiation 'std::_Ref_count_obj2<_Ty>::_Ref_count_obj2<int,int,int&,int,int&,float,float,float>(int &&,int &&,int &,int &&,int &,float &&,float &&,float &&)' being compiled
          with
          [
              _Ty=Camera
          ]
C:\Program Files (x86)\Microsoft Visual Studio\2019\Professional\VC\Tools\MSVC\14.29.30133\include\memory(2748): message : see reference to function template instantiation 'std::_Ref_count_obj2<_Ty>::_Ref_count_obj2<int,int,int&,int,int&,float,float,float>(int &&,int &&,int &,int &&,int &,float &&,float &&,float &&)' being compiled
          with
          [
              _Ty=Camera
          ]
C:\Users\phamt\Downloads\gg\training\Pro-237a9826fee25e04aabae90d04c032a62b47c697\PlappyBird\TrainingFramework\src\Application.cpp(22): message : see reference to function template instantiation 'std::shared_ptr<Camera> std::make_shared<Camera,int,int,int&,int,int&,float,float,float>(int &&,int &&,int &,int &&,int &,float &&,float &&,float &&)' being compiled
C:\Program Files (x86)\Microsoft Visual Studio\2019\Professional\VC\Tools\MSVC\14.29.30133\include\xutility(158,77): warning C4244: 'argument': conversion from '_Ty' to 'GLfloat', possible loss of data
          with
          [
              _Ty=int
          ]
  ResourceManagers.cpp
  GSIntro.cpp
  GSMenu.cpp
C:\Users\phamt\Downloads\gg\training\Pro-237a9826fee25e04aabae90d04c032a62b47c697\PlappyBird\TrainingFramework\src\GameStates\GSMenu.cpp(24,78): warning C4244: 'argument': conversion from 'int' to 'float', possible loss of data
C:\Users\phamt\Downloads\gg\training\Pro-237a9826fee25e04aabae90d04c032a62b47c697\PlappyBird\TrainingFramework\src\GameStates\GSMenu.cpp(24,51): warning C4244: 'argument': conversion from 'int' to 'float', possible loss of data
C:\Users\phamt\Downloads\gg\training\Pro-237a9826fee25e04aabae90d04c032a62b47c697\PlappyBird\TrainingFramework\src\GameStates\GSMenu.cpp(50,51): warning C4244: 'argument': conversion from 'int' to 'float', possible loss of data
  GSPlay.cpp
C:\Users\phamt\Downloads\gg\training\Pro-237a9826fee25e04aabae90d04c032a62b47c697\PlappyBird\TrainingFramework\src\GameStates\GSPlay.cpp(38,31): warning C4244: '+=': conversion from 'double' to 'int', possible loss of data
C:\Users\phamt\Downloads\gg\training\Pro-237a9826fee25e04aabae90d04c032a62b47c697\PlappyBird\TrainingFramework\src\GameStates\GSPlay.cpp(70,45): warning C4244: 'argument': conversion from 'int' to 'float', possible loss of data
C:\Users\phamt\Downloads\gg\training\Pro-237a9826fee25e04aabae90d04c032a62b47c697\PlappyBird\TrainingFramework\src\GameStates\GSPlay.cpp(70,29): warning C4244: 'argument': conversion from 'int' to 'float', possible loss of data
C:\Users\phamt\Downloads\gg\training\Pro-237a9826fee25e04aabae90d04c032a62b47c697\PlappyBird\TrainingFramework\src\GameStates\GSPlay.cpp(74,45): warning C4244: 'argument': conversion from 'int' to 'float', possible loss of data
C:\Users\phamt\Downloads\gg\training\Pro-237a9826fee25e04aabae90d04c032a62b47c697\PlappyBird\TrainingFramework\src\GameStates\GSPlay.cpp(74,29): warning C4244: 'argument': conversion from 'int' to 'float', possible loss of data
C:\Users\phamt\Downloads\gg\training\Pro-237a9826fee25e04aabae90d04c032a62b47c697\PlappyBird\TrainingFramework\src\GameStates\GSPlay.cpp(78,45): warning C4244: 'argument': conversion from 'int' to 'float', possible loss of data
C:\Users\phamt\Downloads\gg\training\Pro-237a9826fee25e04aabae90d04c032a62b47c697\PlappyBird\TrainingFramework\src\GameStates\GSPlay.cpp(78,29): warning C4244: 'argument': conversion from 'int' to 'float', possible loss of data
C:\Users\phamt\Downloads\gg\training\Pro-237a9826fee25e04aabae90d04c032a62b47c697\PlappyBird\TrainingFramework\src\GameStates\GSPlay.cpp(83,60): warning C4244: 'argument': conversion from 'int' to 'float', possible loss of data
C:\Users\phamt\Downloads\gg\training\Pro-237a9826fee25e04aabae90d04c032a62b47c697\PlappyBird\TrainingFramework\src\GameStates\GSPlay.cpp(83,28): warning C4244: 'argument': conversion from 'int' to 'float', possible loss of data
C:\Users\phamt\Downloads\gg\training\Pro-237a9826fee25e04aabae90d04c032a62b47c697\PlappyBird\TrainingFramework\src\GameStates\GSPlay.cpp(87,60): warning C4244: 'argument': conversion from 'int' to 'float', possible loss of data
C:\Users\phamt\Downloads\gg\training\Pro-237a9826fee25e04aabae90d04c032a62b47c697\PlappyBird\TrainingFramework\src\GameStates\GSPlay.cpp(87,28): warning C4244: 'argument': conversion from 'int' to 'float', possible loss of data
C:\Users\phamt\Downloads\gg\training\Pro-237a9826fee25e04aabae90d04c032a62b47c697\PlappyBird\TrainingFramework\src\GameStates\GSPlay.cpp(91,60): warning C4244: 'argument': conversion from 'int' to 'float', possible loss of data
C:\Users\phamt\Downloads\gg\training\Pro-237a9826fee25e04aabae90d04c032a62b47c697\PlappyBird\TrainingFramework\src\GameStates\GSPlay.cpp(91,28): warning C4244: 'argument': conversion from 'int' to 'float', possible loss of data
C:\Users\phamt\Downloads\gg\training\Pro-237a9826fee25e04aabae90d04c032a62b47c697\PlappyBird\TrainingFramework\src\GameStates\GSPlay.cpp(138,24): warning C4244: 'argument': conversion from 'int' to 'float', possible loss of data
C:\Users\phamt\Downloads\gg\training\Pro-237a9826fee25e04aabae90d04c032a62b47c697\PlappyBird\TrainingFramework\src\GameStates\GSPlay.cpp(253,37): warning C4244: 'argument': conversion from 'int' to 'float', possible loss of data
C:\Users\phamt\Downloads\gg\training\Pro-237a9826fee25e04aabae90d04c032a62b47c697\PlappyBird\TrainingFramework\src\GameStates\GSPlay.cpp(265,37): warning C4244: 'argument': conversion from 'int' to 'float', possible loss of data
C:\Users\phamt\Downloads\gg\training\Pro-237a9826fee25e04aabae90d04c032a62b47c697\PlappyBird\TrainingFramework\src\GameStates\GSPlay.cpp(277,37): warning C4244: 'argument': conversion from 'int' to 'float', possible loss of data
C:\Users\phamt\Downloads\gg\training\Pro-237a9826fee25e04aabae90d04c032a62b47c697\PlappyBird\TrainingFramework\src\GameStates\GSPlay.cpp(326,26): warning C4244: 'argument': conversion from 'int' to 'float', possible loss of data
C:\Users\phamt\Downloads\gg\training\Pro-237a9826fee25e04aabae90d04c032a62b47c697\PlappyBird\TrainingFramework\src\GameStates\GSPlay.cpp(332,26): warning C4244: 'argument': conversion from 'int' to 'float', possible loss of data
C:\Program Files (x86)\Microsoft Visual Studio\2019\Professional\VC\Tools\MSVC\14.29.30133\include\xutility(158,77): warning C4244: 'argument': conversion from '_Ty' to 'float', possible loss of data
          with
          [
              _Ty=double
          ]
C:\Program Files (x86)\Microsoft Visual Studio\2019\Professional\VC\Tools\MSVC\14.29.30133\include\memory(2029): message : see reference to function template instantiation 'void std::_Construct_in_place<_Ty,std::shared_ptr<Shader>&,std::shared_ptr<Font>&,std::basic_string<char,std::char_traits<char>,std::allocator<char>>,TextColor,double>(_Ty &,std::shared_ptr<Shader> &,std::shared_ptr<Font> &,std::basic_string<char,std::char_traits<char>,std::allocator<char>> &&,TextColor &&,double &&) noexcept(false)' being compiled
          with
          [
              _Ty=Text
          ]
C:\Program Files (x86)\Microsoft Visual Studio\2019\Professional\VC\Tools\MSVC\14.29.30133\include\memory(2748): message : see reference to function template instantiation 'std::_Ref_count_obj2<_Ty>::_Ref_count_obj2<std::shared_ptr<Shader>&,std::shared_ptr<Font>&,std::basic_string<char,std::char_traits<char>,std::allocator<char>>,TextColor,double>(std::shared_ptr<Shader> &,std::shared_ptr<Font> &,std::basic_string<char,std::char_traits<char>,std::allocator<char>> &&,TextColor &&,double &&)' being compiled
          with
          [
              _Ty=Text
          ]
C:\Program Files (x86)\Microsoft Visual Studio\2019\Professional\VC\Tools\MSVC\14.29.30133\include\memory(2748): message : see reference to function template instantiation 'std::_Ref_count_obj2<_Ty>::_Ref_count_obj2<std::shared_ptr<Shader>&,std::shared_ptr<Font>&,std::basic_string<char,std::char_traits<char>,std::allocator<char>>,TextColor,double>(std::shared_ptr<Shader> &,std::shared_ptr<Font> &,std::basic_string<char,std::char_traits<char>,std::allocator<char>> &&,TextColor &&,double &&)' being compiled
          with
          [
              _Ty=Text
          ]
C:\Users\phamt\Downloads\gg\training\Pro-237a9826fee25e04aabae90d04c032a62b47c697\PlappyBird\TrainingFramework\src\GameStates\GSPlay.cpp(127): message : see reference to function template instantiation 'std::shared_ptr<Text> std::make_shared<Text,std::shared_ptr<Shader>&,std::shared_ptr<Font>&,std::basic_string<char,std::char_traits<char>,std::allocator<char>>,TextColor,double>(std::shared_ptr<Shader> &,std::shared_ptr<Font> &,std::basic_string<char,std::char_traits<char>,std::allocator<char>> &&,TextColor &&,double &&)' being compiled
  GSScore.cpp
C:\Users\phamt\Downloads\gg\training\Pro-237a9826fee25e04aabae90d04c032a62b47c697\PlappyBird\TrainingFramework\src\GameStates\GSScore.cpp(30,41): warning C4244: '+=': conversion from 'double' to 'int', possible loss of data
  GameStateBase.cpp
  GameStateMachine.cpp
  Generating Code...
Application.obj : warning LNK4075: ignoring '/EDITANDCONTINUE' due to '/SAFESEH' specification
LINK : warning LNK4098: defaultlib 'MSVCRT' conflicts with use of other libs; use /NODEFAULTLIB:library
  TrainingFramework.vcxproj -> C:\Users\phamt\Downloads\gg\training\Pro-237a9826fee25e04aabae90d04c032a62b47c697\PlappyBird\BIN-AMD\TrainingFramework.exe
